Using pre-set license
Built from '2020.3/staging' branch; Version is '2020.3.14f1 (d0d1bb862f9d) revision 13685179'; Using compiler version '192528614'; Build Type 'Release'
OS: 'Windows 10 Home; OS build 19042.1288; Version 2009; 64bit' Language: 'pt' Physical Memory: 16294 MB
BatchMode: 1, IsHumanControllingUs: 0, StartBugReporterOnCrash: 0, Is64bit: 1, IsPro: 0

 COMMAND LINE ARGUMENTS:
C:\Program Files\Unity\Hub\Editor\2020.3.14f1\Editor\Unity.exe
-adb2
-batchMode
-noUpm
-name
AssetImportWorker0
-projectPath
C:/Users/Locasso/Documents/CurrentProjects/MechanicsTest
-logFile
Logs/AssetImportWorker0.log
-srvPort
50467
Successfully changed project path to: C:/Users/Locasso/Documents/CurrentProjects/MechanicsTest
C:/Users/Locasso/Documents/CurrentProjects/MechanicsTest
Using Asset Import Pipeline V2.
Refreshing native plugins compatible for Editor in 49.01 ms, found 2 plugins.
Preloading 0 native plugins for Editor in 0.00 ms.
Initialize engine version: 2020.3.14f1 (d0d1bb862f9d)
[Subsystems] Discovering subsystems at path C:/Program Files/Unity/Hub/Editor/2020.3.14f1/Editor/Data/Resources/UnitySubsystems
[Subsystems] Discovering subsystems at path C:/Users/Locasso/Documents/CurrentProjects/MechanicsTest/Assets
GfxDevice: creating device client; threaded=0
Direct3D:
    Version:  Direct3D 11.0 [level 11.1]
    Renderer: NVIDIA GeForce GTX 1650 (ID=0x1f0a)
    Vendor:   
    VRAM:     3961 MB
    Driver:   30.0.14.9613
Initialize mono
Mono path[0] = 'C:/Program Files/Unity/Hub/Editor/2020.3.14f1/Editor/Data/Managed'
Mono path[1] = 'C:/Program Files/Unity/Hub/Editor/2020.3.14f1/Editor/Data/MonoBleedingEdge/lib/mono/unityjit'
Mono config path = 'C:/Program Files/Unity/Hub/Editor/2020.3.14f1/Editor/Data/MonoBleedingEdge/etc'
Using monoOptions --debugger-agent=transport=dt_socket,embedding=1,server=y,suspend=n,address=127.0.0.1:56712
Begin MonoManager ReloadAssembly
Registering precompiled unity dll's ...
Register platform support module: C:/Program Files/Unity/Hub/Editor/2020.3.14f1/Editor/Data/PlaybackEngines/WindowsStandaloneSupport/UnityEditor.WindowsStandalone.Extensions.dll
Registered in 0.001718 seconds.
Native extension for WindowsStandalone target not found
Refreshing native plugins compatible for Editor in 39.23 ms, found 2 plugins.
Preloading 0 native plugins for Editor in 0.00 ms.
Mono: successfully reloaded assembly
- Completed reload, in  0.906 seconds
Domain Reload Profiling:
	ReloadAssembly (906ms)
		BeginReloadAssembly (44ms)
			ExecutionOrderSort (0ms)
			DisableScriptedObjects (0ms)
			BackupInstance (0ms)
			ReleaseScriptingObjects (0ms)
			CreateAndSetChildDomain (1ms)
		EndReloadAssembly (366ms)
			LoadAssemblies (42ms)
			RebuildTransferFunctionScriptingTraits (0ms)
			SetupTypeCache (134ms)
			ReleaseScriptCaches (0ms)
			RebuildScriptCaches (25ms)
			SetupLoadedEditorAssemblies (142ms)
				LogAssemblyErrors (0ms)
				InitializePlatformSupportModulesInManaged (3ms)
				SetLoadedEditorAssemblies (0ms)
				RefreshPlugins (39ms)
				BeforeProcessingInitializeOnLoad (9ms)
				ProcessInitializeOnLoadAttributes (67ms)
				ProcessInitializeOnLoadMethodAttributes (23ms)
				AfterProcessingInitializeOnLoad (0ms)
				EditorAssembliesLoaded (0ms)
			ExecutionOrderSort2 (0ms)
			AwakeInstancesAfterBackupRestoration (0ms)
Platform modules already initialized, skipping
Registering precompiled user dll's ...
Registered in 0.005744 seconds.
Begin MonoManager ReloadAssembly
Native extension for WindowsStandalone target not found
Refreshing native plugins compatible for Editor in 0.60 ms, found 2 plugins.
Preloading 0 native plugins for Editor in 0.00 ms.
Mono: successfully reloaded assembly
- Completed reload, in  0.710 seconds
Domain Reload Profiling:
	ReloadAssembly (710ms)
		BeginReloadAssembly (123ms)
			ExecutionOrderSort (0ms)
			DisableScriptedObjects (4ms)
			BackupInstance (0ms)
			ReleaseScriptingObjects (0ms)
			CreateAndSetChildDomain (15ms)
		EndReloadAssembly (533ms)
			LoadAssemblies (65ms)
			RebuildTransferFunctionScriptingTraits (0ms)
			SetupTypeCache (200ms)
			ReleaseScriptCaches (0ms)
			RebuildScriptCaches (25ms)
			SetupLoadedEditorAssemblies (159ms)
				LogAssemblyErrors (0ms)
				InitializePlatformSupportModulesInManaged (4ms)
				SetLoadedEditorAssemblies (0ms)
				RefreshPlugins (1ms)
				BeforeProcessingInitializeOnLoad (77ms)
				ProcessInitializeOnLoadAttributes (67ms)
				ProcessInitializeOnLoadMethodAttributes (4ms)
				AfterProcessingInitializeOnLoad (6ms)
				EditorAssembliesLoaded (0ms)
			ExecutionOrderSort2 (0ms)
			AwakeInstancesAfterBackupRestoration (5ms)
Platform modules already initialized, skipping
========================================================================
Worker process is ready to serve import requests
Launched and connected shader compiler UnityShaderCompiler.exe after 0.04 seconds
Refreshing native plugins compatible for Editor in 0.64 ms, found 2 plugins.
Preloading 0 native plugins for Editor in 0.00 ms.
Unloading 2048 Unused Serialized files (Serialized files now loaded: 0)
System memory in use before: 87.0 MB.
System memory in use after: 87.1 MB.

Unloading 52 unused Assets to reduce memory usage. Loaded Objects now: 2444.
Total: 1.571200 ms (FindLiveObjects: 0.201700 ms CreateObjectMapping: 0.080500 ms MarkObjects: 1.184400 ms  DeleteObjects: 0.103400 ms)

AssetImportParameters requested are different than current active one (requested -> active):
  custom:framework-win-MediaFoundation: 216162199b28c13a410421893ffa2e32 -> 
  custom:video-decoder-ogg-theora: a1e56fd34408186e4bbccfd4996cb3dc -> 
  custom:container-muxer-webm: aa71ff27fc2769a1b78a27578f13a17b -> 
  custom:container-demuxer-webm: 4f35f7cbe854078d1ac9338744f61a02 -> 
  custom:container-demuxer-ogg: 62fdf1f143b41e24485cea50d1cbac27 -> 
  custom:video-encoder-webm-vp8: eb34c28f22e8b96e1ab97ce403110664 -> 
  custom:video-decoder-webm-vp8: 9c59270c3fd7afecdb556c50c9e8de78 -> 
  custom:audio-decoder-ogg-vorbis: bf7c407c2cedff20999df2af8eb42d56 -> 
  custom:audio-encoder-webm-vorbis: bf7c407c2cedff20999df2af8eb42d56 -> 
========================================================================
Received Import Request.
  path: Assets/Scripts/GameData/DataManager.cs
  artifactKey: Guid(2c55f61aa9eaf24438df90632c004b4d) Importer(815301076,1909f56bfc062723c751e8b465ee728b)
Start importing Assets/Scripts/GameData/DataManager.cs using Guid(2c55f61aa9eaf24438df90632c004b4d) Importer(815301076,1909f56bfc062723c751e8b465ee728b)  -> (artifact id: 'c981f85ccfbe1ad8280ef3af66f3292a') in 0.025870 seconds 
  Import took 0.029004 seconds .

========================================================================
Received Import Request.
  Time since last request: 0.000215 seconds.
  path: Assets/Scripts/GameData
  artifactKey: Guid(0ec51f4687af5034e8d010c852aa4550) Importer(815301076,1909f56bfc062723c751e8b465ee728b)
Start importing Assets/Scripts/GameData using Guid(0ec51f4687af5034e8d010c852aa4550) Importer(815301076,1909f56bfc062723c751e8b465ee728b)  -> (artifact id: '2ad2c81f00bd01762ad1eb98c98b2ca8') in 0.010430 seconds 
  Import took 0.014259 seconds .

========================================================================
Received Import Request.
  Time since last request: 12.508481 seconds.
  path: Assets/Scripts/GameData/DataModel.cs
  artifactKey: Guid(a548e16ef069d2a4ca6dca3860d89ba0) Importer(815301076,1909f56bfc062723c751e8b465ee728b)
Start importing Assets/Scripts/GameData/DataModel.cs using Guid(a548e16ef069d2a4ca6dca3860d89ba0) Importer(815301076,1909f56bfc062723c751e8b465ee728b)  -> (artifact id: '75de93c66d53fabbc7fe611b032191a0') in 0.005622 seconds 
  Import took 0.008351 seconds .

========================================================================
Received Import Request.
  Time since last request: 6.173392 seconds.
  path: Assets/Scripts/GameLogic
  artifactKey: Guid(9289b75b1f87d2b4d84ea66ab1934c38) Importer(815301076,1909f56bfc062723c751e8b465ee728b)
Start importing Assets/Scripts/GameLogic using Guid(9289b75b1f87d2b4d84ea66ab1934c38) Importer(815301076,1909f56bfc062723c751e8b465ee728b)  -> (artifact id: '031fd15e59c4145a648ea3c2b797e2ee') in 0.005826 seconds 
  Import took 0.008567 seconds .

========================================================================
Received Import Request.
  Time since last request: 10.448691 seconds.
  path: Assets/Scripts/Language/ChangeText.cs
  artifactKey: Guid(3ee642f1909775a4b8d17cb114c03929) Importer(815301076,1909f56bfc062723c751e8b465ee728b)
Start importing Assets/Scripts/Language/ChangeText.cs using Guid(3ee642f1909775a4b8d17cb114c03929) Importer(815301076,1909f56bfc062723c751e8b465ee728b)  -> (artifact id: 'e21b6612997dbf1efa7a7ce0be12435a') in 0.005678 seconds 
  Import took 0.008496 seconds .

========================================================================
Received Import Request.
  Time since last request: 0.551709 seconds.
  path: Assets/Scripts/Language/Language.cs
  artifactKey: Guid(6ab3eeaafc5ae4149b745ee8ca79fa69) Importer(815301076,1909f56bfc062723c751e8b465ee728b)
Start importing Assets/Scripts/Language/Language.cs using Guid(6ab3eeaafc5ae4149b745ee8ca79fa69) Importer(815301076,1909f56bfc062723c751e8b465ee728b)  -> (artifact id: 'df093cbdc46440da075bdbf00eef70b7') in 0.005965 seconds 
  Import took 0.008732 seconds .

========================================================================
Received Import Request.
  Time since last request: 0.712350 seconds.
  path: Assets/Scripts/Language/LanguageCollection.cs
  artifactKey: Guid(1a4510810150edb4d8095a5a1eedf71a) Importer(815301076,1909f56bfc062723c751e8b465ee728b)
Start importing Assets/Scripts/Language/LanguageCollection.cs using Guid(1a4510810150edb4d8095a5a1eedf71a) Importer(815301076,1909f56bfc062723c751e8b465ee728b)  -> (artifact id: 'bab188294b136072241e508f622f38fb') in 0.006473 seconds 
  Import took 0.009225 seconds .

========================================================================
Received Import Request.
  Time since last request: 0.454921 seconds.
  path: Assets/Scripts/Language/Textos.cs
  artifactKey: Guid(1e1096f3f726e7344a4f565491abc443) Importer(815301076,1909f56bfc062723c751e8b465ee728b)
Start importing Assets/Scripts/Language/Textos.cs using Guid(1e1096f3f726e7344a4f565491abc443) Importer(815301076,1909f56bfc062723c751e8b465ee728b)  -> (artifact id: '0d252bed3fd3d426905480e20009a411') in 0.007384 seconds 
  Import took 0.010416 seconds .

========================================================================
Received Import Request.
  Time since last request: 2.091290 seconds.
  path: Assets/Scripts/Language/Language.json
  artifactKey: Guid(86854a640f073c244b5f941672846ed3) Importer(815301076,1909f56bfc062723c751e8b465ee728b)
Start importing Assets/Scripts/Language/Language.json using Guid(86854a640f073c244b5f941672846ed3) Importer(815301076,1909f56bfc062723c751e8b465ee728b)  -> (artifact id: 'a517e2e6ba6519ab6b819b1c756a7794') in 0.009235 seconds 
  Import took 0.012285 seconds .

========================================================================
Received Import Request.
  Time since last request: 0.029761 seconds.
  path: Assets/Scripts/Language/Language.json
  artifactKey: Guid(86854a640f073c244b5f941672846ed3) Importer(815301076,1909f56bfc062723c751e8b465ee728b)
Start importing Assets/Scripts/Language/Language.json using Guid(86854a640f073c244b5f941672846ed3) Importer(815301076,1909f56bfc062723c751e8b465ee728b)  -> (artifact id: 'a517e2e6ba6519ab6b819b1c756a7794') in 0.003156 seconds 
  Import took 0.006754 seconds .

========================================================================
Received Import Request.
  Time since last request: 15.199998 seconds.
  path: Assets/Scripts/Language/LanguageManager.cs
  artifactKey: Guid(7af924c011c9ba34992d9cf0543ab6f1) Importer(815301076,1909f56bfc062723c751e8b465ee728b)
Start importing Assets/Scripts/Language/LanguageManager.cs using Guid(7af924c011c9ba34992d9cf0543ab6f1) Importer(815301076,1909f56bfc062723c751e8b465ee728b)  -> (artifact id: '944b36870bb6ea6b82dbd387d33caa0e') in 0.005867 seconds 
  Import took 0.008613 seconds .

========================================================================
Received Prepare
Registering precompiled user dll's ...
Registered in 0.004464 seconds.
Begin MonoManager ReloadAssembly
Native extension for WindowsStandalone target not found
Refreshing native plugins compatible for Editor in 0.62 ms, found 2 plugins.
Preloading 0 native plugins for Editor in 0.00 ms.
Mono: successfully reloaded assembly
- Completed reload, in  1.014 seconds
Domain Reload Profiling:
	ReloadAssembly (1014ms)
		BeginReloadAssembly (92ms)
			ExecutionOrderSort (0ms)
			DisableScriptedObjects (5ms)
			BackupInstance (0ms)
			ReleaseScriptingObjects (0ms)
			CreateAndSetChildDomain (21ms)
		EndReloadAssembly (855ms)
			LoadAssemblies (82ms)
			RebuildTransferFunctionScriptingTraits (0ms)
			SetupTypeCache (311ms)
			ReleaseScriptCaches (0ms)
			RebuildScriptCaches (49ms)
			SetupLoadedEditorAssemblies (322ms)
				LogAssemblyErrors (0ms)
				InitializePlatformSupportModulesInManaged (4ms)
				SetLoadedEditorAssemblies (0ms)
				RefreshPlugins (1ms)
				BeforeProcessingInitializeOnLoad (97ms)
				ProcessInitializeOnLoadAttributes (183ms)
				ProcessInitializeOnLoadMethodAttributes (30ms)
				AfterProcessingInitializeOnLoad (5ms)
				EditorAssembliesLoaded (0ms)
			ExecutionOrderSort2 (0ms)
			AwakeInstancesAfterBackupRestoration (5ms)
Platform modules already initialized, skipping
Refreshing native plugins compatible for Editor in 0.61 ms, found 2 plugins.
Preloading 0 native plugins for Editor in 0.00 ms.
Unloading 2019 Unused Serialized files (Serialized files now loaded: 0)
System memory in use before: 85.8 MB.
System memory in use after: 85.9 MB.

Unloading 56 unused Assets to reduce memory usage. Loaded Objects now: 2454.
Total: 4.338100 ms (FindLiveObjects: 0.195700 ms CreateObjectMapping: 0.083800 ms MarkObjects: 4.028600 ms  DeleteObjects: 0.029300 ms)

AssetImportParameters requested are different than current active one (requested -> active):
  custom:framework-win-MediaFoundation: 216162199b28c13a410421893ffa2e32 -> 
  custom:video-decoder-ogg-theora: a1e56fd34408186e4bbccfd4996cb3dc -> 
  custom:container-muxer-webm: aa71ff27fc2769a1b78a27578f13a17b -> 
  custom:container-demuxer-webm: 4f35f7cbe854078d1ac9338744f61a02 -> 
  custom:container-demuxer-ogg: 62fdf1f143b41e24485cea50d1cbac27 -> 
  custom:video-encoder-webm-vp8: eb34c28f22e8b96e1ab97ce403110664 -> 
  custom:video-decoder-webm-vp8: 9c59270c3fd7afecdb556c50c9e8de78 -> 
  custom:audio-decoder-ogg-vorbis: bf7c407c2cedff20999df2af8eb42d56 -> 
  custom:audio-encoder-webm-vorbis: bf7c407c2cedff20999df2af8eb42d56 -> 
========================================================================
Received Prepare
Registering precompiled user dll's ...
Registered in 0.004259 seconds.
Begin MonoManager ReloadAssembly
Native extension for WindowsStandalone target not found
Refreshing native plugins compatible for Editor in 0.61 ms, found 2 plugins.
Preloading 0 native plugins for Editor in 0.00 ms.
Mono: successfully reloaded assembly
- Completed reload, in  0.912 seconds
Domain Reload Profiling:
	ReloadAssembly (913ms)
		BeginReloadAssembly (106ms)
			ExecutionOrderSort (0ms)
			DisableScriptedObjects (5ms)
			BackupInstance (0ms)
			ReleaseScriptingObjects (0ms)
			CreateAndSetChildDomain (29ms)
		EndReloadAssembly (750ms)
			LoadAssemblies (77ms)
			RebuildTransferFunctionScriptingTraits (0ms)
			SetupTypeCache (247ms)
			ReleaseScriptCaches (1ms)
			RebuildScriptCaches (39ms)
			SetupLoadedEditorAssemblies (295ms)
				LogAssemblyErrors (0ms)
				InitializePlatformSupportModulesInManaged (4ms)
				SetLoadedEditorAssemblies (0ms)
				RefreshPlugins (1ms)
				BeforeProcessingInitializeOnLoad (94ms)
				ProcessInitializeOnLoadAttributes (164ms)
				ProcessInitializeOnLoadMethodAttributes (27ms)
				AfterProcessingInitializeOnLoad (6ms)
				EditorAssembliesLoaded (0ms)
			ExecutionOrderSort2 (0ms)
			AwakeInstancesAfterBackupRestoration (6ms)
Platform modules already initialized, skipping
Refreshing native plugins compatible for Editor in 0.61 ms, found 2 plugins.
Preloading 0 native plugins for Editor in 0.00 ms.
Unloading 2019 Unused Serialized files (Serialized files now loaded: 0)
System memory in use before: 86.0 MB.
System memory in use after: 86.1 MB.

Unloading 49 unused Assets to reduce memory usage. Loaded Objects now: 2457.
Total: 4.175600 ms (FindLiveObjects: 0.186600 ms CreateObjectMapping: 0.068700 ms MarkObjects: 3.893700 ms  DeleteObjects: 0.025500 ms)

AssetImportParameters requested are different than current active one (requested -> active):
  custom:framework-win-MediaFoundation: 216162199b28c13a410421893ffa2e32 -> 
  custom:video-decoder-ogg-theora: a1e56fd34408186e4bbccfd4996cb3dc -> 
  custom:container-muxer-webm: aa71ff27fc2769a1b78a27578f13a17b -> 
  custom:container-demuxer-webm: 4f35f7cbe854078d1ac9338744f61a02 -> 
  custom:container-demuxer-ogg: 62fdf1f143b41e24485cea50d1cbac27 -> 
  custom:video-encoder-webm-vp8: eb34c28f22e8b96e1ab97ce403110664 -> 
  custom:video-decoder-webm-vp8: 9c59270c3fd7afecdb556c50c9e8de78 -> 
  custom:audio-decoder-ogg-vorbis: bf7c407c2cedff20999df2af8eb42d56 -> 
  custom:audio-encoder-webm-vorbis: bf7c407c2cedff20999df2af8eb42d56 -> 
========================================================================
Received Prepare
Registering precompiled user dll's ...
Registered in 0.004142 seconds.
Begin MonoManager ReloadAssembly
Native extension for WindowsStandalone target not found
Refreshing native plugins compatible for Editor in 0.65 ms, found 2 plugins.
Preloading 0 native plugins for Editor in 0.00 ms.
Mono: successfully reloaded assembly
- Completed reload, in  0.985 seconds
Domain Reload Profiling:
	ReloadAssembly (985ms)
		BeginReloadAssembly (103ms)
			ExecutionOrderSort (0ms)
			DisableScriptedObjects (5ms)
			BackupInstance (0ms)
			ReleaseScriptingObjects (0ms)
			CreateAndSetChildDomain (32ms)
		EndReloadAssembly (823ms)
			LoadAssemblies (82ms)
			RebuildTransferFunctionScriptingTraits (0ms)
			SetupTypeCache (255ms)
			ReleaseScriptCaches (1ms)
			RebuildScriptCaches (40ms)
			SetupLoadedEditorAssemblies (331ms)
				LogAssemblyErrors (0ms)
				InitializePlatformSupportModulesInManaged (4ms)
				SetLoadedEditorAssemblies (0ms)
				RefreshPlugins (1ms)
				BeforeProcessingInitializeOnLoad (112ms)
				ProcessInitializeOnLoadAttributes (177ms)
				ProcessInitializeOnLoadMethodAttributes (31ms)
				AfterProcessingInitializeOnLoad (6ms)
				EditorAssembliesLoaded (0ms)
			ExecutionOrderSort2 (0ms)
			AwakeInstancesAfterBackupRestoration (6ms)
Platform modules already initialized, skipping
Switching build target platform(19) subTarget(0) extendedPlatform(0) -> platform(13) subTarget(537395200) extendedPlatform(0)
Refreshing native plugins compatible for Editor in 0.63 ms, found 2 plugins.
Preloading 0 native plugins for Editor in 0.00 ms.
Unloading 2023 Unused Serialized files (Serialized files now loaded: 0)
System memory in use before: 85.3 MB.
System memory in use after: 85.4 MB.

Unloading 49 unused Assets to reduce memory usage. Loaded Objects now: 2460.
Total: 4.664700 ms (FindLiveObjects: 0.212600 ms CreateObjectMapping: 0.071900 ms MarkObjects: 4.348800 ms  DeleteObjects: 0.030100 ms)

AssetImportParameters requested are different than current active one (requested -> active):
  custom:framework-win-MediaFoundation: 216162199b28c13a410421893ffa2e32 -> 
  custom:video-decoder-ogg-theora: a1e56fd34408186e4bbccfd4996cb3dc -> 
  custom:container-muxer-webm: aa71ff27fc2769a1b78a27578f13a17b -> 
  custom:container-demuxer-webm: 4f35f7cbe854078d1ac9338744f61a02 -> 
  custom:container-demuxer-ogg: 62fdf1f143b41e24485cea50d1cbac27 -> 
  custom:video-encoder-webm-vp8: eb34c28f22e8b96e1ab97ce403110664 -> 
  custom:video-decoder-webm-vp8: 9c59270c3fd7afecdb556c50c9e8de78 -> 
  custom:graphics/normal-map-encoding: 01000000000000000000000000000000 -> 02000000000000000000000000000000
  custom:audio-decoder-ogg-vorbis: bf7c407c2cedff20999df2af8eb42d56 -> 
  custom:audio-encoder-webm-vorbis: bf7c407c2cedff20999df2af8eb42d56 -> 
========================================================================
Received Prepare
Refreshing native plugins compatible for Editor in 10.97 ms, found 2 plugins.
Preloading 0 native plugins for Editor in 0.00 ms.
Unloading 48 Unused Serialized files (Serialized files now loaded: 0)
System memory in use before: 46.3 MB.
System memory in use after: 46.4 MB.

Unloading 47 unused Assets to reduce memory usage. Loaded Objects now: 2460.
Total: 4.563200 ms (FindLiveObjects: 0.192800 ms CreateObjectMapping: 0.079000 ms MarkObjects: 4.265700 ms  DeleteObjects: 0.024800 ms)

AssetImportParameters requested are different than current active one (requested -> active):
  custom:framework-win-MediaFoundation: 216162199b28c13a410421893ffa2e32 -> 
  custom:video-decoder-ogg-theora: a1e56fd34408186e4bbccfd4996cb3dc -> 
  custom:container-muxer-webm: aa71ff27fc2769a1b78a27578f13a17b -> 
  custom:container-demuxer-webm: 4f35f7cbe854078d1ac9338744f61a02 -> 
  custom:container-demuxer-ogg: 62fdf1f143b41e24485cea50d1cbac27 -> 
  custom:video-encoder-webm-vp8: eb34c28f22e8b96e1ab97ce403110664 -> 
  custom:video-decoder-webm-vp8: 9c59270c3fd7afecdb556c50c9e8de78 -> 
  custom:audio-decoder-ogg-vorbis: bf7c407c2cedff20999df2af8eb42d56 -> 
  custom:audio-encoder-webm-vorbis: bf7c407c2cedff20999df2af8eb42d56 -> 
========================================================================
Received Prepare
Registering precompiled user dll's ...
Registered in 0.004212 seconds.
Begin MonoManager ReloadAssembly
Native extension for WindowsStandalone target not found
Refreshing native plugins compatible for Editor in 0.61 ms, found 2 plugins.
Preloading 0 native plugins for Editor in 0.00 ms.
Mono: successfully reloaded assembly
- Completed reload, in  0.977 seconds
Domain Reload Profiling:
	ReloadAssembly (978ms)
		BeginReloadAssembly (98ms)
			ExecutionOrderSort (0ms)
			DisableScriptedObjects (5ms)
			BackupInstance (0ms)
			ReleaseScriptingObjects (0ms)
			CreateAndSetChildDomain (28ms)
		EndReloadAssembly (825ms)
			LoadAssemblies (75ms)
			RebuildTransferFunctionScriptingTraits (0ms)
			SetupTypeCache (253ms)
			ReleaseScriptCaches (1ms)
			RebuildScriptCaches (40ms)
			SetupLoadedEditorAssemblies (335ms)
				LogAssemblyErrors (0ms)
				InitializePlatformSupportModulesInManaged (4ms)
				SetLoadedEditorAssemblies (0ms)
				RefreshPlugins (1ms)
				BeforeProcessingInitializeOnLoad (110ms)
				ProcessInitializeOnLoadAttributes (187ms)
				ProcessInitializeOnLoadMethodAttributes (28ms)
				AfterProcessingInitializeOnLoad (5ms)
				EditorAssembliesLoaded (0ms)
			ExecutionOrderSort2 (0ms)
			AwakeInstancesAfterBackupRestoration (6ms)
Platform modules already initialized, skipping
Switching build target platform(19) subTarget(0) extendedPlatform(0) -> platform(13) subTarget(537395200) extendedPlatform(0)
Refreshing native plugins compatible for Editor in 0.65 ms, found 2 plugins.
Preloading 0 native plugins for Editor in 0.00 ms.
Unloading 2023 Unused Serialized files (Serialized files now loaded: 0)
System memory in use before: 85.3 MB.
System memory in use after: 85.4 MB.

Unloading 49 unused Assets to reduce memory usage. Loaded Objects now: 2463.
Total: 7.215200 ms (FindLiveObjects: 0.338200 ms CreateObjectMapping: 0.123400 ms MarkObjects: 6.717300 ms  DeleteObjects: 0.034300 ms)

AssetImportParameters requested are different than current active one (requested -> active):
  custom:framework-win-MediaFoundation: 216162199b28c13a410421893ffa2e32 -> 
  custom:video-decoder-ogg-theora: a1e56fd34408186e4bbccfd4996cb3dc -> 
  custom:container-muxer-webm: aa71ff27fc2769a1b78a27578f13a17b -> 
  custom:container-demuxer-webm: 4f35f7cbe854078d1ac9338744f61a02 -> 
  custom:container-demuxer-ogg: 62fdf1f143b41e24485cea50d1cbac27 -> 
  custom:video-encoder-webm-vp8: eb34c28f22e8b96e1ab97ce403110664 -> 
  custom:video-decoder-webm-vp8: 9c59270c3fd7afecdb556c50c9e8de78 -> 
  custom:graphics/normal-map-encoding: 01000000000000000000000000000000 -> 02000000000000000000000000000000
  custom:audio-decoder-ogg-vorbis: bf7c407c2cedff20999df2af8eb42d56 -> 
  custom:audio-encoder-webm-vorbis: bf7c407c2cedff20999df2af8eb42d56 -> 
========================================================================
Received Import Request.
  Time since last request: 4433.551799 seconds.
  path: Assets/Resources
  artifactKey: Guid(20973e107b2db8d4fb1ccfee72af6256) Importer(815301076,1909f56bfc062723c751e8b465ee728b)
Start importing Assets/Resources using Guid(20973e107b2db8d4fb1ccfee72af6256) Importer(815301076,1909f56bfc062723c751e8b465ee728b)  -> (artifact id: 'fe83771132600ce9a3924d8df67cf3ae') in 0.010292 seconds 
  Import took 0.013816 seconds .

========================================================================
Received Import Request.
  Time since last request: 0.426231 seconds.
  path: Assets/Scenes
  artifactKey: Guid(6923472f398087644a76a112c9a6aa9a) Importer(815301076,1909f56bfc062723c751e8b465ee728b)
Start importing Assets/Scenes using Guid(6923472f398087644a76a112c9a6aa9a) Importer(815301076,1909f56bfc062723c751e8b465ee728b)  -> (artifact id: 'b562faf6552e612f02e5d2010754b671') in 0.006185 seconds 
  Import took 0.009113 seconds .

========================================================================
Received Import Request.
  Time since last request: 0.738240 seconds.
  path: Assets/Arts
  artifactKey: Guid(f032fa1393a05054d9590d0347259d42) Importer(815301076,1909f56bfc062723c751e8b465ee728b)
Start importing Assets/Arts using Guid(f032fa1393a05054d9590d0347259d42) Importer(815301076,1909f56bfc062723c751e8b465ee728b)  -> (artifact id: '0ae6a5bc69ddd47c52ab244831fc999c') in 0.006640 seconds 
  Import took 0.009657 seconds .

========================================================================
Received Import Request.
  Time since last request: 0.501169 seconds.
  path: Assets/Materials
  artifactKey: Guid(67fc738e41cd2904a85c294d882cb969) Importer(815301076,1909f56bfc062723c751e8b465ee728b)
Start importing Assets/Materials using Guid(67fc738e41cd2904a85c294d882cb969) Importer(815301076,1909f56bfc062723c751e8b465ee728b)  -> (artifact id: '015bb0edfd550a102c5d2487d0e22074') in 0.005828 seconds 
  Import took 0.008561 seconds .

========================================================================
Received Import Request.
  Time since last request: 0.319522 seconds.
  path: Assets/Post-Processing
  artifactKey: Guid(9bf05d29a7de61049b8ce012d1096e83) Importer(815301076,1909f56bfc062723c751e8b465ee728b)
Start importing Assets/Post-Processing using Guid(9bf05d29a7de61049b8ce012d1096e83) Importer(815301076,1909f56bfc062723c751e8b465ee728b)  -> (artifact id: '827a90d4fd24573e9c60fda32db0aeff') in 0.005766 seconds 
  Import took 0.008472 seconds .

========================================================================
Received Import Request.
  Time since last request: 0.400129 seconds.
  path: Assets/PostProcessing
  artifactKey: Guid(ec7667ddb4ee0ab46be55cae455e21fa) Importer(815301076,1909f56bfc062723c751e8b465ee728b)
Start importing Assets/PostProcessing using Guid(ec7667ddb4ee0ab46be55cae455e21fa) Importer(815301076,1909f56bfc062723c751e8b465ee728b)  -> (artifact id: 'a0e5a69f5e032f176971d4751cc0a9c2') in 0.005738 seconds 
  Import took 0.008530 seconds .

========================================================================
Received Import Request.
  Time since last request: 0.000242 seconds.
  path: Assets/PostProcessing
  artifactKey: Guid(ec7667ddb4ee0ab46be55cae455e21fa) Importer(815301076,1909f56bfc062723c751e8b465ee728b)
Start importing Assets/PostProcessing using Guid(ec7667ddb4ee0ab46be55cae455e21fa) Importer(815301076,1909f56bfc062723c751e8b465ee728b)  -> (artifact id: 'a0e5a69f5e032f176971d4751cc0a9c2') in 0.002260 seconds 
  Import took 0.005233 seconds .

========================================================================
Received Import Request.
  Time since last request: 0.946219 seconds.
  path: Assets/Prefabs
  artifactKey: Guid(130013ed04dd3254280fa5de17e1ccf7) Importer(815301076,1909f56bfc062723c751e8b465ee728b)
Start importing Assets/Prefabs using Guid(130013ed04dd3254280fa5de17e1ccf7) Importer(815301076,1909f56bfc062723c751e8b465ee728b)  -> (artifact id: '0cf52fe1b99d1b2daa3a1792b47cf675') in 0.006134 seconds 
  Import took 0.009147 seconds .

========================================================================
Received Import Request.
  Time since last request: 1.166105 seconds.
  path: Assets/Scripts
  artifactKey: Guid(c0dcc713713e118419e1f6d8bd0a3b98) Importer(815301076,1909f56bfc062723c751e8b465ee728b)
Start importing Assets/Scripts using Guid(c0dcc713713e118419e1f6d8bd0a3b98) Importer(815301076,1909f56bfc062723c751e8b465ee728b)  -> (artifact id: '3cf4ff19550de0299f1e020a2371a768') in 0.005937 seconds 
  Import took 0.008802 seconds .

========================================================================
Received Import Request.
  Time since last request: 0.000555 seconds.
  path: Assets/Scripts
  artifactKey: Guid(c0dcc713713e118419e1f6d8bd0a3b98) Importer(815301076,1909f56bfc062723c751e8b465ee728b)
Start importing Assets/Scripts using Guid(c0dcc713713e118419e1f6d8bd0a3b98) Importer(815301076,1909f56bfc062723c751e8b465ee728b)  -> (artifact id: '3cf4ff19550de0299f1e020a2371a768') in 0.002104 seconds 
  Import took 0.004741 seconds .

AssetImportWorkerClient::OnTransportError - code=2 error=End of file
