
=== Fri Jun  4 09:03:51 2021

Packages were changed.
Update Mode: mergeDefaultDependencies

The following packages were updated:
  com.unity.ads from version 3.5.2 to 3.6.1
  com.unity.purchasing from version 2.1.1 to 3.0.1
  com.unity.test-framework from version 1.1.19 to 1.1.24
  com.unity.textmeshpro from version 2.0.1 to 2.1.4
  com.unity.timeline from version 1.2.6 to 1.2.18

=== Thu Oct 21 13:11:25 2021

Packages were changed.
Update Mode: updateDependencies

The following packages were added:
  com.unity.ide.visualstudio@2.0.9
The following packages were updated:
  com.unity.ads from version 3.6.1 to 3.7.1
  com.unity.analytics from version 3.3.5 to 3.5.3
  com.unity.collab-proxy from version 1.2.16 to 1.5.7
  com.unity.ide.rider from version 1.1.4 to 2.0.7
  com.unity.purchasing from version 3.0.1 to 3.2.2
  com.unity.test-framework from version 1.1.24 to 1.1.27
  com.unity.textmeshpro from version 2.1.4 to 3.0.6
  com.unity.timeline from version 1.2.18 to 1.4.8
